<?xml version="1.0" encoding="UTF-8"?>
<!-- Generated by org.testng.reporters.JUnitReportReporter -->
<testsuite hostname="LAPTOP-BP2OIVHC" failures="0" tests="1" name="StepDefs.testngDemo" time="0.380" errors="0" timestamp="2022-01-31T22:14:38 IST" skipped="0">
  <testcase classname="StepDefs.testngDemo" name="maintest" time="0.380"/>
  <system-out/>
</testsuite> <!-- StepDefs.testngDemo -->
